  IONOSPHERIC COMMUNICATIONS ANALYSIS AND PREDICTION PROGRAM
                     VOACAP   VERSION 12.0722A
 
 
          1         2         3         4         5         6         7
 123456789012345678901234567890123456789012345678901234567890123456789012345
 
 COMMENT    Any VOACAP default cards may be placed in the file: VOACAP.DEF
 LINEMAX      55       number of lines-per-page
 COEFFS    CCIR
 TIME          1   24    1    1
 MONTH      1994 6.00
 SUNSPOT    100.
 LABEL     TANGIER, Morocco    BELGRADE
 CIRCUIT   35.80N     5.90W    44.90N    20.50E  S     0
 SYSTEM       1. 145. 0.10  90. 73.0 3.00 0.10
 FPROB      1.00 1.00 1.00 0.00
 ANTENNA       1    1    2   30     0.000[default\Isotrope     ]  0.0  500.0000
 ANTENNA       2    2    2   30     0.000[default\Isotrope     ]  0.0    0.0000
 FREQUENCY  6.07 7.20 9.7011.8513.7015.3517.7321.6525.89 0.00 0.00
 METHOD       30    0
 EXECUTE
 QUIT
     CCIR Coefficients        ~METHOD 30   VOACAP 12.0722A  PAGE   1
 
  Jun    1994          SSN = 100.                Minimum Angle= 0.100 degrees
  TANGIER, Morocco    BELGRADE              AZIMUTHS          N. MI.      KM
  35.80 N    5.90 W - 44.90 N   20.50 E     57.41  254.73    1317.9   2440.5
  XMTR  2-30 +  0.0 dBi[default\Isotrope     ] Az=  0.0 OFFaz= 57.4 500.000kW
  RCVR  2-30 +  0.0 dBi[default\Isotrope     ] Az=  0.0 OFFaz=254.7
  3 MHz NOISE = -145.0 dBW     REQ. REL = 90%    REQ. SNR = 73.0 dB
  MULTIPATH POWER TOLERANCE =  3.0 dB   MULTIPATH DELAY TOLERANCE =  0.100 ms
 
   1.0 16.2  6.1  7.2  9.7 11.9 13.7 15.4 17.7 21.6 25.9  0.0  0.0 FREQ
        1F2  1F2  1F2  1F2  1F2  1F2  1F2  1F2  1F2  1F2   -    -  MODE
       13.7  7.8  7.8  8.1  8.7  9.5 10.9 14.7 14.7 14.7   -    -  TANGLE
        8.9  8.5  8.5  8.6  8.6  8.6  8.7  9.0  9.0  9.0   -    -  DELAY
        440  295  296  304  317  337  371  466  466  466   -    -  V HITE
       0.50 1.00 1.00 0.99 0.94 0.82 0.63 0.25 0.01 0.00   -    -  MUFday
        142  131  131  132  134  135  137  152  193  260   -    -  LOSS
         49   50   51   52   52   52   51   38   -2  -68   -    -  DBU
        -82  -73  -74  -75  -77  -78  -80  -95 -136 -203   -    -  S DBW
       -165 -149 -152 -158 -161 -163 -164 -166 -169 -171   -    -  N DBW
         83   76   79   83   84   85   84   72   32  -33   -    -  SNR
         17   10    8    5    5    6   13   28   67  132   -    -  RPWRG
       0.68 0.61 0.70 0.80 0.82 0.80 0.72 0.46 0.02 0.00   -    -  REL
       0.00 0.00 0.00 0.00 0.00 0.00 0.00 0.00 0.00 0.00   -    -  MPROB
       0.29 0.29 0.33 0.40 0.42 0.40 0.34 0.21 0.03 0.00   -    -  S PRB
       25.0 10.8 11.0 11.6 12.7 15.7 22.4 25.0 25.0 25.0   -    -  SIG LW
       10.4  5.4  5.4  5.6  5.5  6.0  7.9 16.5 25.0 25.0   -    -  SIG UP
       26.8 13.5 13.8 14.8 15.8 18.4 24.4 26.8 26.8 26.8   -    -  SNR LW
       11.9  7.5  7.2  7.4  7.7  8.3  9.8 17.5 25.7 25.7   -    -  SNR UP
        0.0  0.0  0.0  0.0  0.0  0.0  0.0  0.0  0.0  0.0   -    -  TGAIN
        0.0  0.0  0.0  0.0  0.0  0.0  0.0  0.0  0.0  0.0   -    -  RGAIN
         56   63   65   68   68   67   60   45    6  -59   -    -  SNRxx
 
   2.0 15.3  6.1  7.2  9.7 11.9 13.7 15.4 17.7 21.6 25.9  0.0  0.0 FREQ
        1F2  1F2  1F2  1F2  1F2  1F2  1F2  1F2  1F2  1F2   -    -  MODE
       13.5  8.0  8.0  8.3  9.0 10.1 14.8 14.8 14.8 14.8   -    -  TANGLE
        8.9  8.6  8.6  8.6  8.6  8.7  9.0  9.0  9.0  9.0   -    -  DELAY
        436  300  300  308  325  352  470  470  470  470   -    -  V HITE
       0.50 1.00 1.00 0.98 0.90 0.73 0.49 0.18 0.01 0.00   -    -  MUFday
        141  131  131  132  134  136  143  155  191  243   -    -  LOSS
         49   50   51   52   52   51   45   34    0  -50   -    -  DBU
        -82  -73  -74  -75  -77  -79  -86  -98 -134 -186   -    -  S DBW
       -164 -150 -153 -158 -161 -163 -164 -166 -169 -171   -    -  N DBW
         83   77   79   83   84   84   79   68   35  -15   -    -  SNR
         17   10    8    5    5    9   21   32   65  115   -    -  RPWRG
       0.68 0.65 0.72 0.80 0.81 0.77 0.60 0.38 0.03 0.00   -    -  REL
       0.00 0.00 0.00 0.00 0.00 0.00 0.00 0.00 0.00 0.00   -    -  MPROB
       0.29 0.31 0.34 0.40 0.41 0.38 0.27 0.18 0.03 0.00   -    -  S PRB
       25.0 10.7 10.9 11.6 13.5 17.7 25.0 25.0 25.0 25.0   -    -  SIG LW
       10.8  5.4  5.4  5.7  5.6  6.6 11.9 19.4 25.0 25.0   -    -  SIG UP
       26.8 13.7 14.0 14.8 16.5 20.2 26.8 26.8 26.8 26.8   -    -  SNR LW
       12.3  7.8  7.4  7.5  7.8  8.7 13.3 20.2 25.7 25.7   -    -  SNR UP
        0.0  0.0  0.0  0.0  0.0  0.0  0.0  0.0  0.0  0.0   -    -  TGAIN
        0.0  0.0  0.0  0.0  0.0  0.0  0.0  0.0  0.0  0.0   -    -  RGAIN
         56   63   65   68   68   64   52   41    8  -42   -    -  SNRxx
     CCIR Coefficients         METHOD 30   VOACAP 12.0722A  PAGE   2
 
  Jun    1994          SSN = 100.                Minimum Angle= 0.100 degrees
  TANGIER, Morocco    BELGRADE              AZIMUTHS          N. MI.      KM
  35.80 N    5.90 W - 44.90 N   20.50 E     57.41  254.73    1317.9   2440.5
  XMTR  2-30 +  0.0 dBi[default\Isotrope     ] Az=  0.0 OFFaz= 57.4 500.000kW
  RCVR  2-30 +  0.0 dBi[default\Isotrope     ] Az=  0.0 OFFaz=254.7
  3 MHz NOISE = -145.0 dBW     REQ. REL = 90%    REQ. SNR = 73.0 dB
  MULTIPATH POWER TOLERANCE =  3.0 dB   MULTIPATH DELAY TOLERANCE =  0.100 ms
 
   3.0 15.0  6.1  7.2  9.7 11.9 13.7 15.4 17.7 21.6 25.9  0.0  0.0 FREQ
        1F2  1F2  1F2  1F2  1F2  1F2  1F2  1F2  1F2  1F2   -    -  MODE
       13.6  8.3  8.1  8.2  8.9 10.1 14.6 14.6 14.6 14.6   -    -  TANGLE
        8.9  8.6  8.6  8.6  8.6  8.7  9.0  9.0  9.0  9.0   -    -  DELAY
        439  308  302  306  322  352  464  464  464  464   -    -  V HITE
       0.50 1.00 1.00 0.98 0.89 0.69 0.45 0.15 0.01 0.00   -    -  MUFday
        141  131  131  132  134  136  144  157  196  252   -    -  LOSS
         49   50   51   52   52   51   44   32   -5  -59   -    -  DBU
        -82  -73  -74  -75  -77  -79  -87 -100 -139 -195   -    -  S DBW
       -164 -151 -153 -158 -161 -163 -164 -166 -169 -171   -    -  N DBW
         83   78   80   83   84   84   77   66   30  -24   -    -  SNR
         17    9    7    5    6   10   22   34   70  124   -    -  RPWRG
       0.68 0.67 0.73 0.80 0.80 0.75 0.58 0.33 0.02 0.00   -    -  REL
       0.00 0.00 0.00 0.00 0.00 0.00 0.00 0.00 0.00 0.00   -    -  MPROB
       0.28 0.32 0.35 0.41 0.41 0.37 0.26 0.17 0.02 0.00   -    -  S PRB
       25.0 10.7 11.0 11.7 13.8 18.7 25.0 25.0 25.0 25.0   -    -  SIG LW
       11.0  5.3  5.3  5.7  5.6  7.0 12.7 20.7 25.0 25.0   -    -  SIG UP
       26.8 13.9 14.1 14.9 16.8 21.0 26.8 26.8 26.8 26.8   -    -  SNR LW
       12.5  8.0  7.6  7.7  7.8  9.0 14.0 21.5 25.7 25.7   -    -  SNR UP
        0.0  0.0  0.0  0.0  0.0  0.0  0.0  0.0  0.0  0.0   -    -  TGAIN
        0.0  0.0  0.0  0.0  0.0  0.0  0.0  0.0  0.0  0.0   -    -  RGAIN
         56   64   66   68   67   63   51   39    3  -51   -    -  SNRxx
 
   4.0 15.7  6.1  7.2  9.7 11.9 13.7 15.4 17.7 21.6 25.9  0.0  0.0 FREQ
        1F2  1F2  1F2  1F2  1F2  1F2  1F2  1F2  1F2  1F2   -    -  MODE
       14.1 11.2  8.6  7.9  8.3  9.1 11.1 14.1 14.1 14.1   -    -  TANGLE
        8.9  8.7  8.6  8.6  8.6  8.6  8.7  8.9  8.9  8.9   -    -  DELAY
        451  379  314  299  307  327  376  451  451  451   -    -  V HITE
       0.50 1.00 1.00 0.99 0.92 0.77 0.55 0.22 0.01 0.00   -    -  MUFday
        144  136  134  134  135  136  139  153  187  238   -    -  LOSS
         45   45   48   50   51   51   50   36    4  -46   -    -  DBU
        -87  -78  -76  -77  -78  -79  -81  -96 -130 -181   -    -  S DBW
       -165 -152 -154 -158 -161 -163 -164 -166 -169 -171   -    -  N DBW
         78   74   78   81   83   84   83   70   39  -10   -    -  SNR
         22   13   10    7    6    8   16   30   61  110   -    -  RPWRG
       0.60 0.54 0.66 0.76 0.79 0.77 0.69 0.42 0.04 0.00   -    -  REL
       0.00 0.00 0.00 0.00 0.00 0.00 0.00 0.00 0.00 0.00   -    -  MPROB
       0.27 0.25 0.32 0.38 0.40 0.38 0.31 0.20 0.04 0.00   -    -  S PRB
       25.0 11.0 11.1 11.8 13.2 16.9 23.9 25.0 25.0 25.0   -    -  SIG LW
       11.9  5.5  5.3  5.5  5.4  6.1  9.4 18.1 25.0 25.0   -    -  SIG UP
       26.8 14.2 14.3 15.0 16.3 19.4 25.8 26.8 26.8 26.8   -    -  SNR LW
       13.2  8.4  7.8  7.6  7.7  8.3 11.1 19.1 25.7 25.7   -    -  SNR UP
        0.0  0.0  0.0  0.0  0.0  0.0  0.0  0.0  0.0  0.0   -    -  TGAIN
        0.0  0.0  0.0  0.0  0.0  0.0  0.0  0.0  0.0  0.0   -    -  RGAIN
         51   60   63   66   67   65   57   43   12  -37   -    -  SNRxx
     CCIR Coefficients         METHOD 30   VOACAP 12.0722A  PAGE   3
 
  Jun    1994          SSN = 100.                Minimum Angle= 0.100 degrees
  TANGIER, Morocco    BELGRADE              AZIMUTHS          N. MI.      KM
  35.80 N    5.90 W - 44.90 N   20.50 E     57.41  254.73    1317.9   2440.5
  XMTR  2-30 +  0.0 dBi[default\Isotrope     ] Az=  0.0 OFFaz= 57.4 500.000kW
  RCVR  2-30 +  0.0 dBi[default\Isotrope     ] Az=  0.0 OFFaz=254.7
  3 MHz NOISE = -145.0 dBW     REQ. REL = 90%    REQ. SNR = 73.0 dB
  MULTIPATH POWER TOLERANCE =  3.0 dB   MULTIPATH DELAY TOLERANCE =  0.100 ms
 
   5.0 17.3  6.1  7.2  9.7 11.9 13.7 15.4 17.7 21.6 25.9  0.0  0.0 FREQ
        1F2  2F2  2F2  1F2  1F2  1F2  1F2  1F2  1F2  1F2   -    -  MODE
       11.6 23.0 22.2  8.0  7.6  7.9  8.6 13.5 13.5 13.5   -    -  TANGLE
        8.8  9.3  9.2  8.6  8.5  8.6  8.6  8.9  8.9  8.9   -    -  DELAY
        387  302  290  301  292  298  316  436  436  436   -    -  V HITE
       0.50 1.00 0.98 0.99 0.97 0.89 0.74 0.44 0.07 0.00   -    -  MUFday
        143  148  146  137  137  137  138  147  170  212   -    -  LOSS
         49   33   36   48   49   50   50   42   21  -20   -    -  DBU
        -83  -89  -88  -79  -80  -80  -81  -90 -113 -155   -    -  S DBW
       -166 -152 -154 -158 -161 -163 -164 -166 -169 -171   -    -  N DBW
         83   63   66   79   81   83   83   76   56   16   -    -  SNR
         17   25   22    9    7    7   10   23   44   84   -    -  RPWRG
       0.68 0.05 0.14 0.69 0.75 0.77 0.75 0.56 0.20 0.00   -    -  REL
       0.00 0.00 0.00 0.00 0.00 0.00 0.00 0.00 0.00 0.00   -    -  MPROB
       0.29 0.12 0.15 0.33 0.38 0.39 0.36 0.25 0.11 0.01   -    -  S PRB
       25.0 11.4 12.9 11.8 12.3 14.3 17.8 25.0 25.0 25.0   -    -  SIG LW
       10.6  5.3  5.4  5.4  5.4  5.6  6.5 13.3 25.0 25.0   -    -  SIG UP
       26.8 14.7 15.9 15.0 15.5 17.2 20.2 26.8 26.8 26.8   -    -  SNR LW
       12.1  8.0  7.9  7.6  7.7  8.0  8.7 14.5 25.7 25.7   -    -  SNR UP
        0.0  0.0  0.0  0.0  0.0  0.0  0.0  0.0  0.0  0.0   -    -  TGAIN
        0.0  0.0  0.0  0.0  0.0  0.0  0.0  0.0  0.0  0.0   -    -  RGAIN
         56   48   51   64   66   66   63   50   29  -11   -    -  SNRxx
 
   6.0 19.1  6.1  7.2  9.7 11.9 13.7 15.4 17.7 21.6 25.9  0.0  0.0 FREQ
        1F2  2F2  2F2  1F2  1F2  1F2  1F2  1F2  1F2  1F2   -    -  MODE
       11.1 24.8 22.5 11.1  7.9  7.3  7.5  8.7 13.1 13.1   -    -  TANGLE
        8.7  9.4  9.2  8.7  8.6  8.5  8.5  8.6  8.9  8.9   -    -  DELAY
        377  326  294  376  298  285  289  316  426  426   -    -  V HITE
       0.50 0.99 0.98 0.99 0.97 0.93 0.84 0.64 0.23 0.02   -    -  MUFday
        145  158  153  142  140  140  140  141  157  186   -    -  LOSS
         47   22   29   43   46   47   48   48   34    7   -    -  DBU
        -85 -101  -95  -84  -83  -82  -83  -84 -100 -129   -    -  S DBW
       -167 -153 -155 -158 -161 -163 -164 -166 -169 -171   -    -  N DBW
         82   52   59   74   78   80   82   82   68   42   -    -  SNR
         18   35   29   14   10    9    9   14   31   58   -    -  RPWRG
       0.66 0.00 0.01 0.55 0.67 0.72 0.73 0.70 0.38 0.06   -    -  REL
       0.00 0.00 0.00 0.00 0.00 0.00 0.00 0.00 0.00 0.00   -    -  MPROB
       0.28 0.06 0.10 0.27 0.33 0.36 0.36 0.33 0.19 0.05   -    -  S PRB
       25.0 11.3 11.9 11.7 12.3 13.3 15.4 21.1 25.0 25.0   -    -  SIG LW
       11.1  5.6  5.6  5.8  6.0  6.9  6.1  8.2 18.9 25.0   -    -  SIG UP
       26.8 14.8 15.2 15.1 15.5 16.4 18.1 23.2 26.8 26.8   -    -  SNR LW
       12.5  8.0  8.0  8.0  8.2  9.0  8.4 10.1 19.8 25.7   -    -  SNR UP
        0.0  0.0  0.0  0.0  0.0  0.0  0.0  0.0  0.0  0.0   -    -  TGAIN
        0.0  0.0  0.0  0.0  0.0  0.0  0.0  0.0  0.0  0.0   -    -  RGAIN
         55   38   44   59   63   64   64   59   42   15   -    -  SNRxx
     CCIR Coefficients         METHOD 30   VOACAP 12.0722A  PAGE   4
 
  Jun    1994          SSN = 100.                Minimum Angle= 0.100 degrees
  TANGIER, Morocco    BELGRADE              AZIMUTHS          N. MI.      KM
  35.80 N    5.90 W - 44.90 N   20.50 E     57.41  254.73    1317.9   2440.5
  XMTR  2-30 +  0.0 dBi[default\Isotrope     ] Az=  0.0 OFFaz= 57.4 500.000kW
  RCVR  2-30 +  0.0 dBi[default\Isotrope     ] Az=  0.0 OFFaz=254.7
  3 MHz NOISE = -145.0 dBW     REQ. REL = 90%    REQ. SNR = 73.0 dB
  MULTIPATH POWER TOLERANCE =  3.0 dB   MULTIPATH DELAY TOLERANCE =  0.100 ms
 
   7.0 20.4  6.1  7.2  9.7 11.9 13.7 15.4 17.7 21.6 25.9  0.0  0.0 FREQ
        1F2  2 E  2 E  2F2  2F2  1F2  1F2  1F2  1F2  1F2   -    -  MODE
       11.2  6.1  6.3 25.1 22.8 12.1 10.0  8.4 13.0 13.0   -    -  TANGLE
        8.7  8.3  8.3  9.4  9.2  8.8  8.7  8.6  8.9  8.9   -    -  DELAY
        378   95   98  331  299  400  348  309  422  422   -    -  V HITE
       0.50 1.00 1.00 0.89 0.63 0.95 0.90 0.75 0.37 0.07   -    -  MUFday
        147  190  177  157  153  143  142  142  153  174   -    -  LOSS
         46   -4    8   29   33   47   46   48   38   19   -    -  DBU
        -87 -127 -117  -98  -96  -83  -85  -84  -96 -117   -    -  S DBW
       -168 -153 -155 -159 -161 -163 -164 -166 -169 -171   -    -  N DBW
         81   27   38   61   65   80   80   82   73   54   -    -  SNR
         19   62   50   30   31   11   11   12   27   46   -    -  RPWRG
       0.65 0.00 0.00 0.08 0.17 0.68 0.69 0.71 0.50 0.17   -    -  REL
       0.00 0.00 0.00 0.00 0.00 0.57 0.00 0.00 0.00 0.00   -    -  MPROB
       0.27 0.00 0.02 0.10 0.15 0.30 0.32 0.33 0.22 0.09   -    -  S PRB
       25.0 12.9 12.4 16.0 21.2 14.8 15.0 17.9 25.0 25.0   -    -  SIG LW
       11.5  6.3  8.3  9.1  8.8  7.2  9.1  8.6 15.4 25.0   -    -  SIG UP
       26.8 16.1 15.7 18.6 23.2 17.7 17.8 20.4 26.8 26.8   -    -  SNR LW
       12.9  8.6 10.2 10.7 10.4  9.2 10.8 10.4 16.5 25.7   -    -  SNR UP
        0.0  0.0  0.0  0.0  0.0  0.0  0.0  0.0  0.0  0.0   -    -  TGAIN
        0.0  0.0  0.0  0.0  0.0  0.0  0.0  0.0  0.0  0.0   -    -  RGAIN
         54   11   23   43   42   62   62   61   46   27   -    -  SNRxx
 
   8.0 20.6  6.1  7.2  9.7 11.9 13.7 15.4 17.7 21.6 25.9  0.0  0.0 FREQ
        1F2  2 E  2 E  2F2  2F2  2F2  1F2  1F2  1F2  1F2   -    -  MODE
       10.6  6.0  6.2 26.7 23.2 29.8 11.5  9.1 13.4 13.4   -    -  TANGLE
        8.7  8.3  8.3  9.6  9.3 10.0  8.8  8.6  8.9  8.9   -    -  DELAY
        363   94   96  354  304  401  385  327  432  432   -    -  V HITE
       0.50 1.00 1.00 0.89 0.64 0.34 0.90 0.76 0.39 0.08   -    -  MUFday
        147  214  194  162  157  165  144  144  153  173   -    -  LOSS
         46  -31   -4   24   30   22   46   46   38   19   -    -  DBU
        -88 -154 -129 -103  -99 -108  -85  -86  -96 -116   -    -  S DBW
       -168 -153 -155 -159 -161 -163 -164 -166 -169 -171   -    -  N DBW
         81    0   27   56   62   55   79   80   73   55   -    -  SNR
         19   89   64   36   34   45   13   13   27   45   -    -  RPWRG
       0.64 0.00 0.00 0.01 0.09 0.09 0.67 0.68 0.50 0.18   -    -  REL
       0.56 0.00 0.00 0.00 0.00 0.00 0.55 0.00 0.00 0.00   -    -  MPROB
       0.26 0.00 0.01 0.06 0.12 0.09 0.29 0.31 0.21 0.09   -    -  S PRB
       25.0 12.9 15.4 16.4 20.6 25.0 16.2 17.8 25.0 25.0   -    -  SIG LW
       10.9  6.7  7.3  7.6  8.5 16.4  7.6  9.8 15.0 25.0   -    -  SIG UP
       26.8 16.1 18.2 19.0 22.7 26.8 18.8 20.2 26.8 26.8   -    -  SNR LW
       12.4  9.0  9.4  9.6 10.2 17.4  9.5 11.5 16.1 25.7   -    -  SNR UP
        0.0  0.0  0.0  0.0  0.0  0.0  0.0  0.0  0.0  0.0   -    -  TGAIN
        0.0  0.0  0.0  0.0  0.0  0.0  0.0  0.0  0.0  0.0   -    -  RGAIN
         54  -16    9   37   39   28   60   60   46   28   -    -  SNRxx
     CCIR Coefficients         METHOD 30   VOACAP 12.0722A  PAGE   5
 
  Jun    1994          SSN = 100.                Minimum Angle= 0.100 degrees
  TANGIER, Morocco    BELGRADE              AZIMUTHS          N. MI.      KM
  35.80 N    5.90 W - 44.90 N   20.50 E     57.41  254.73    1317.9   2440.5
  XMTR  2-30 +  0.0 dBi[default\Isotrope     ] Az=  0.0 OFFaz= 57.4 500.000kW
  RCVR  2-30 +  0.0 dBi[default\Isotrope     ] Az=  0.0 OFFaz=254.7
  3 MHz NOISE = -145.0 dBW     REQ. REL = 90%    REQ. SNR = 73.0 dB
  MULTIPATH POWER TOLERANCE =  3.0 dB   MULTIPATH DELAY TOLERANCE =  0.100 ms
 
   9.0 20.3  6.1  7.2  9.7 11.9 13.7 15.4 17.7 21.6 25.9  0.0  0.0 FREQ
        1F2  2 E  2 E  2F2  2F2  2F2  1F2  1F2  1F2  1F2   -    -  MODE
       10.3  5.9  6.1 27.8 23.9 30.4 12.5  9.8 13.9 13.9   -    -  TANGLE
        8.7  8.3  8.3  9.7  9.3 10.0  8.8  8.7  8.9  8.9   -    -  DELAY
        356   93   95  370  313  412  411  343  447  447   -    -  V HITE
       0.50 1.00 1.00 0.87 0.60 0.29 0.89 0.74 0.35 0.06   -    -  MUFday
        147  239  212  168  161  169  146  145  155  176   -    -  LOSS
         45  -51  -19   19   26   21   42   46   36   17   -    -  DBU
        -88 -173 -143 -108 -103 -109  -89  -87  -98 -119   -    -  S DBW
       -168 -153 -155 -159 -161 -163 -164 -166 -169 -171   -    -  N DBW
         80  -20   12   50   58   54   75   80   71   52   -    -  SNR
         19  110   78   40   36   46   15   14   29   48   -    -  RPWRG
       0.63 0.00 0.00 0.00 0.04 0.06 0.56 0.66 0.44 0.15   -    -  REL
       0.54 0.00 0.00 0.00 0.00 0.01 0.00 0.00 0.00 0.00   -    -  MPROB
       0.26 0.00 0.00 0.04 0.09 0.07 0.26 0.29 0.20 0.08   -    -  S PRB
       24.2 14.5 14.3 15.0 18.4 25.0 14.1 17.7 25.0 25.0   -    -  SIG LW
       10.4  6.5  6.6  7.4  9.6 15.3  7.5  9.9 15.5 25.0   -    -  SIG UP
       26.1 17.5 17.3 17.8 20.8 26.8 17.1 20.2 26.8 26.8   -    -  SNR LW
       12.0  8.8  8.9  9.4 11.2 16.4  9.5 11.5 16.6 25.7   -    -  SNR UP
        0.0  0.0  0.0  0.0  0.0  0.0  0.0  0.0  0.0  0.0   -    -  TGAIN
        0.0  0.0  0.0  0.0  0.0  0.0  0.0  0.0  0.0  0.0   -    -  RGAIN
         54  -37   -5   33   37   27   58   59   44   25   -    -  SNRxx
 
  10.0 20.1  6.1  7.2  9.7 11.9 13.7 15.4 17.7 21.6 25.9  0.0  0.0 FREQ
        1F2  2 E  2 E  2F2  2F2  2 E  2F2  1F2  1F2  1F2   -    -  MODE
       10.5  5.8  6.0 28.4 24.3  7.2 30.9 10.6 14.3 14.3   -    -  TANGLE
        8.7  8.3  8.3  9.8  9.4  8.3 10.1  8.7  8.9  8.9   -    -  DELAY
        362   92   95  379  319  108  420  362  456  456   -    -  V HITE
       0.50 1.00 1.00 0.90 0.60 0.87 0.04 0.76 0.30 0.02   -    -  MUFday
        147  261  230  171  164  171  191  146  157  189   -    -  LOSS
         45  -81  -40   13   23   18   -3   43   33    3   -    -  DBU
        -89 -204 -164 -114 -105 -112 -133  -89 -100 -132   -    -  S DBW
       -168 -153 -155 -159 -161 -163 -164 -166 -169 -171   -    -  N DBW
         79  -51   -9   45   56   51   31   77   68   39   -    -  SNR
         19  136   99   45   37   45   69   13   32   61   -    -  RPWRG
       0.62 0.00 0.00 0.00 0.02 0.03 0.02 0.62 0.36 0.04   -    -  REL
       0.00 0.00 0.00 0.00 0.00 0.04 0.00 0.00 0.00 0.00   -    -  MPROB
       0.26 0.00 0.00 0.02 0.07 0.06 0.02 0.29 0.17 0.03   -    -  S PRB
       22.9  7.7 14.3 13.2 17.1 20.6 25.0 14.8 25.0 25.0   -    -  SIG LW
       10.5  5.6  7.5  7.4  9.4 14.4 25.0  9.2 16.4 25.0   -    -  SIG UP
       24.9 12.4 17.2 16.3 19.6 22.7 26.8 17.7 26.8 26.8   -    -  SNR LW
       12.1  8.2  9.5  9.4 11.0 15.5 25.7 10.9 17.4 25.7   -    -  SNR UP
        0.0  0.0  0.0  0.0  0.0  0.0  0.0  0.0  0.0  0.0   -    -  TGAIN
        0.0  0.0  0.0  0.0  0.0  0.0  0.0  0.0  0.0  0.0   -    -  RGAIN
         54  -63  -26   28   36   28    4   60   41   12   -    -  SNRxx
     CCIR Coefficients         METHOD 30   VOACAP 12.0722A  PAGE   6
 
  Jun    1994          SSN = 100.                Minimum Angle= 0.100 degrees
  TANGIER, Morocco    BELGRADE              AZIMUTHS          N. MI.      KM
  35.80 N    5.90 W - 44.90 N   20.50 E     57.41  254.73    1317.9   2440.5
  XMTR  2-30 +  0.0 dBi[default\Isotrope     ] Az=  0.0 OFFaz= 57.4 500.000kW
  RCVR  2-30 +  0.0 dBi[default\Isotrope     ] Az=  0.0 OFFaz=254.7
  3 MHz NOISE = -145.0 dBW     REQ. REL = 90%    REQ. SNR = 73.0 dB
  MULTIPATH POWER TOLERANCE =  3.0 dB   MULTIPATH DELAY TOLERANCE =  0.100 ms
 
  11.0 20.7  6.1  7.2  9.7 11.9 13.7 15.4 17.7 21.6 25.9  0.0  0.0 FREQ
        1F2  2 E  2 E  2F2  2F2  2F2  2F2  1F2  1F2  1F2   -    -  MODE
       14.5  5.8  6.0 29.1 25.0 31.2 31.2 11.3 14.5 14.5   -    -  TANGLE
        9.0  8.3  8.3  9.9  9.4 10.1 10.1  8.7  9.0  9.0   -    -  DELAY
        463   92   94  390  329  425  425  381  463  463   -    -  V HITE
       0.43 1.00 1.00 0.90 0.60 0.23 0.05 0.76 0.30 0.02   -    -  MUFday
        153  274  240  174  165  174  191  147  158  188   -    -  LOSS
         37  -94  -46   10   21   16   -1   43   33    4   -    -  DBU
        -96 -217 -170 -117 -107 -114 -132  -90 -100 -131   -    -  S DBW
       -168 -153 -155 -159 -161 -163 -164 -166 -169 -171   -    -  N DBW
         72  -64  -15   42   54   49   32   77   68   39   -    -  SNR
         28  149  106   47   39   44   67   14   32   60   -    -  RPWRG
       0.47 0.00 0.00 0.00 0.01 0.03 0.02 0.60 0.36 0.05   -    -  REL
       0.00 0.00 0.00 0.00 0.00 0.00 0.01 0.00 0.00 0.00   -    -  MPROB
       0.20 0.00 0.00 0.02 0.06 0.05 0.02 0.27 0.17 0.04   -    -  S PRB
       25.0  7.7 16.1 13.3 17.6 17.8 25.0 15.1 25.0 25.0   -    -  SIG LW
       14.7  5.6  7.3  7.4  9.1 14.8 25.0  9.2 16.5 25.0   -    -  SIG UP
       26.8 12.4 18.7 16.4 20.0 20.2 26.8 17.9 26.8 26.8   -    -  SNR LW
       15.8  8.2  9.4  9.4 10.7 15.9 25.6 10.8 17.6 25.7   -    -  SNR UP
        0.0  0.0  0.0  0.0  0.0  0.0  0.0  0.0  0.0  0.0   -    -  TGAIN
        0.0  0.0  0.0  0.0  0.0  0.0  0.0  0.0  0.0  0.0   -    -  RGAIN
         45  -76  -33   26   34   29    6   59   41   13   -    -  SNRxx
 
  12.0 20.6  6.1  7.2  9.7 11.9 13.7 15.4 17.7 21.6 25.9  0.0  0.0 FREQ
        1F2  2 E  2 E  2F2  2F2  2F2  1F2  1F2  1F2  1F2   -    -  MODE
       14.7  5.8  6.0 29.4 25.5 31.6 14.0 11.0 14.7 14.7   -    -  TANGLE
        9.0  8.3  8.3  9.9  9.5 10.2  8.9  8.7  9.0  9.0   -    -  DELAY
        466   92   94  396  337  431  448  373  466  466   -    -  V HITE
       0.44 1.00 1.00 0.91 0.62 0.25 0.92 0.76 0.31 0.02   -    -  MUFday
        153  275  241  173  165  173  148  147  157  187   -    -  LOSS
         38  -95  -45   11   21   17   39   43   34    5   -    -  DBU
        -96 -218 -169 -116 -107 -113  -91  -89 -100 -130   -    -  S DBW
       -168 -153 -155 -158 -161 -162 -164 -166 -169 -171   -    -  N DBW
         72  -65  -14   42   53   49   73   77   69   41   -    -  SNR
         28  151  107   48   40   45   16   15   31   59   -    -  RPWRG
       0.48 0.00 0.00 0.00 0.01 0.03 0.47 0.60 0.37 0.05   -    -  REL
       0.00 0.00 0.00 0.00 0.00 0.00 0.00 0.00 0.00 0.00   -    -  MPROB
       0.20 0.00 0.00 0.02 0.06 0.05 0.23 0.27 0.18 0.04   -    -  S PRB
       25.0  8.3 16.7 13.7 18.2 18.9 12.7 15.4 25.0 25.0   -    -  SIG LW
       14.3  5.6  7.1  7.3  9.0 14.7  6.9  9.0 16.1 25.0   -    -  SIG UP
       26.8 12.7 19.2 16.7 20.5 21.1 15.9 18.1 26.8 26.8   -    -  SNR LW
       15.5  8.1  9.2  9.2 10.6 15.7  8.9 10.7 17.2 25.7   -    -  SNR UP
        0.0  0.0  0.0  0.0  0.0  0.0  0.0  0.0  0.0  0.0   -    -  TGAIN
        0.0  0.0  0.0  0.0  0.0  0.0  0.0  0.0  0.0  0.0   -    -  RGAIN
         45  -78  -34   25   33   28   57   58   42   14   -    -  SNRxx
     CCIR Coefficients         METHOD 30   VOACAP 12.0722A  PAGE   7
 
  Jun    1994          SSN = 100.                Minimum Angle= 0.100 degrees
  TANGIER, Morocco    BELGRADE              AZIMUTHS          N. MI.      KM
  35.80 N    5.90 W - 44.90 N   20.50 E     57.41  254.73    1317.9   2440.5
  XMTR  2-30 +  0.0 dBi[default\Isotrope     ] Az=  0.0 OFFaz= 57.4 500.000kW
  RCVR  2-30 +  0.0 dBi[default\Isotrope     ] Az=  0.0 OFFaz=254.7
  3 MHz NOISE = -145.0 dBW     REQ. REL = 90%    REQ. SNR = 73.0 dB
  MULTIPATH POWER TOLERANCE =  3.0 dB   MULTIPATH DELAY TOLERANCE =  0.100 ms
 
  13.0 20.2  6.1  7.2  9.7 11.9 13.7 15.4 17.7 21.6 25.9  0.0  0.0 FREQ
        1F2  2 E  2 E  2F2  2F2  2F2  1F2  1F2  1F2  1F2   -    -  MODE
       12.1  5.8  6.0 29.4 25.9 31.7 13.7 10.7 14.8 14.8   -    -  TANGLE
        8.8  8.3  8.3  9.9  9.5 10.2  8.9  8.7  9.0  9.0   -    -  DELAY
        400   92   95  396  342  433  441  367  470  470   -    -  V HITE
       0.49 1.00 1.00 0.91 0.62 0.25 0.92 0.76 0.30 0.02   -    -  MUFday
        148  266  233  171  164  172  148  146  157  188   -    -  LOSS
         44  -86  -25   13   23   18   40   43   34    5   -    -  DBU
        -89 -209 -150 -114 -106 -112  -91  -89 -100 -131   -    -  S DBW
       -168 -153 -155 -158 -160 -162 -164 -166 -169 -171   -    -  N DBW
         78  -56    5   44   55   50   73   77   68   40   -    -  SNR
         21  142   85   46   39   46   16   14   31   60   -    -  RPWRG
       0.60 0.00 0.00 0.00 0.01 0.03 0.50 0.61 0.37 0.05   -    -  REL
       0.52 0.00 0.00 0.00 0.00 0.00 0.00 0.00 0.00 0.00   -    -  MPROB
       0.24 0.00 0.00 0.02 0.07 0.05 0.23 0.27 0.17 0.04   -    -  S PRB
       25.0  8.9 14.0 14.2 18.8 21.5 13.2 15.9 25.0 25.0   -    -  SIG LW
       10.8  5.6  7.2  7.2  9.1 14.4  6.9  9.0 16.1 25.0   -    -  SIG UP
       26.8 13.1 16.9 17.0 20.9 23.5 16.2 18.5 26.8 26.8   -    -  SNR LW
       12.3  8.1  9.3  9.1 10.6 15.4  8.8 10.6 17.1 25.7   -    -  SNR UP
        0.0  0.0  0.0  0.0  0.0  0.0  0.0  0.0  0.0  0.0   -    -  TGAIN
        0.0  0.0  0.0  0.0  0.0  0.0  0.0  0.0  0.0  0.0   -    -  RGAIN
         52  -69  -12   27   34   27   57   59   42   13   -    -  SNRxx
 
  14.0 19.9  6.1  7.2  9.7 11.9 13.7 15.4 17.7 21.6 25.9  0.0  0.0 FREQ
        1F2  2 E  2 E  2F2  2F2  2 E  1F2  1F2  1F2  1F2   -    -  MODE
       13.7  5.8  6.0 29.0 26.3  7.4 13.3 10.8 14.8 14.8   -    -  TANGLE
        8.9  8.3  8.3  9.9  9.6  8.3  8.9  8.7  9.0  9.0   -    -  DELAY
        442   93   95  390  349  110  430  368  470  470   -    -  V HITE
       0.50 1.00 1.00 0.90 0.61 0.79 0.91 0.74 0.26 0.01   -    -  MUFday
        149  249  220  167  161  170  146  145  158  193   -    -  LOSS
         44  -54  -17   17   25   19   42   45   33    0   -    -  DBU
        -89 -177 -142 -110 -104 -111  -89  -87 -101 -136   -    -  S DBW
       -168 -153 -154 -157 -160 -162 -164 -166 -169 -171   -    -  N DBW
         78  -24   13   47   56   51   74   79   68   35   -    -  SNR
         22  114   77   43   38   49   15   14   32   65   -    -  RPWRG
       0.60 0.00 0.00 0.00 0.02 0.03 0.54 0.65 0.35 0.03   -    -  REL
       0.00 0.00 0.00 0.00 0.00 0.04 0.00 0.00 0.00 0.00   -    -  MPROB
       0.23 0.00 0.00 0.03 0.08 0.06 0.25 0.29 0.17 0.03   -    -  S PRB
       25.0 14.6 14.2 14.1 18.8 25.0 13.2 17.1 25.0 25.0   -    -  SIG LW
       11.1  6.6  7.1  7.2  9.0 14.5  6.9  9.3 16.8 25.0   -    -  SIG UP
       26.8 17.5 17.0 16.8 20.9 26.6 16.2 19.6 26.8 26.8   -    -  SNR LW
       12.5  8.8  9.1  9.0 10.4 15.4  8.7 10.9 17.8 25.7   -    -  SNR UP
        0.0  0.0  0.0  0.0  0.0  0.0  0.0  0.0  0.0  0.0   -    -  TGAIN
        0.0  0.0  0.0  0.0  0.0  0.0  0.0  0.0  0.0  0.0   -    -  RGAIN
         51  -41   -4   30   35   24   58   59   41    8   -    -  SNRxx
     CCIR Coefficients         METHOD 30   VOACAP 12.0722A  PAGE   8
 
  Jun    1994          SSN = 100.                Minimum Angle= 0.100 degrees
  TANGIER, Morocco    BELGRADE              AZIMUTHS          N. MI.      KM
  35.80 N    5.90 W - 44.90 N   20.50 E     57.41  254.73    1317.9   2440.5
  XMTR  2-30 +  0.0 dBi[default\Isotrope     ] Az=  0.0 OFFaz= 57.4 500.000kW
  RCVR  2-30 +  0.0 dBi[default\Isotrope     ] Az=  0.0 OFFaz=254.7
  3 MHz NOISE = -145.0 dBW     REQ. REL = 90%    REQ. SNR = 73.0 dB
  MULTIPATH POWER TOLERANCE =  3.0 dB   MULTIPATH DELAY TOLERANCE =  0.100 ms
 
  15.0 19.8  6.1  7.2  9.7 11.9 13.7 15.4 17.7 21.6 25.9  0.0  0.0 FREQ
        1F2  2 E  2 E  2F2  2F2  1F2  1F2  1F2  1F2  1F2   -    -  MODE
       13.4  5.9  6.1 28.1 26.4 14.6 11.9 10.6 14.8 14.8   -    -  TANGLE
        8.9  8.3  8.3  9.8  9.6  9.0  8.8  8.7  9.0  9.0   -    -  DELAY
        434   94   96  375  349  465  396  362  469  469   -    -  V HITE
       0.50 1.00 1.00 0.90 0.60 0.96 0.90 0.72 0.23 0.01   -    -  MUFday
        148  226  203  163  158  146  145  144  159  195   -    -  LOSS
         45  -39   -8   22   28   41   43   46   32   -3   -    -  DBU
        -89 -162 -132 -104 -101  -89  -88  -87 -102 -138   -    -  S DBW
       -167 -152 -154 -156 -159 -161 -163 -166 -169 -171   -    -  N DBW
         79  -10   21   52   58   72   75   79   67   33   -    -  SNR
         21  100   69   38   36   16   14   13   33   67   -    -  RPWRG
       0.61 0.00 0.00 0.00 0.03 0.46 0.58 0.66 0.34 0.02   -    -  REL
       0.00 0.00 0.00 0.00 0.00 0.00 0.00 0.00 0.00 0.00   -    -  MPROB
       0.24 0.00 0.00 0.04 0.09 0.22 0.27 0.29 0.16 0.02   -    -  S PRB
       25.0 14.0 14.6 14.7 19.9 12.2 13.1 17.0 25.0 25.0   -    -  SIG LW
       11.0  7.3  7.5  7.5  8.8  7.2  7.4  9.8 17.9 25.0   -    -  SIG UP
       26.8 17.2 17.4 17.2 21.7 15.1 16.0 19.5 26.8 26.8   -    -  SNR LW
       12.4  9.9  9.7  9.3 10.2  8.7  9.0 11.3 18.8 25.7   -    -  SNR UP
        0.0  0.0  0.0  0.0  0.0  0.0  0.0  0.0  0.0  0.0   -    -  TGAIN
        0.0  0.0  0.0  0.0  0.0  0.0  0.0  0.0  0.0  0.0   -    -  RGAIN
         52  -27    4   35   37   57   59   60   40    6   -    -  SNRxx
 
  16.0 20.1  6.1  7.2  9.7 11.9 13.7 15.4 17.7 21.6 25.9  0.0  0.0 FREQ
        1F2  2 E  2 E  2F2  2F2  1F2  1F2  1F2  1F2  1F2   -    -  MODE
       12.0  6.0  6.2 26.6 25.4 13.1 10.8  9.9 14.4 14.4   -    -  TANGLE
        8.8  8.3  8.3  9.6  9.5  8.9  8.7  8.7  9.0  9.0   -    -  DELAY
        397   95   97  353  335  425  367  346  458  458   -    -  V HITE
       0.50 1.00 1.00 0.91 0.64 0.97 0.91 0.75 0.27 0.01   -    -  MUFday
        146  199  184  158  155  144  143  143  156  191   -    -  LOSS
         46   -9    3   28   32   43   46   47   35    1   -    -  DBU
        -87 -132 -121  -99  -97  -87  -85  -85  -99 -134   -    -  S DBW
       -168 -152 -153 -155 -158 -161 -163 -166 -169 -171   -    -  N DBW
         80   20   32   56   61   74   78   80   69   37   -    -  SNR
         20   70   57   34   34   14   12   12   31   63   -    -  RPWRG
       0.63 0.00 0.00 0.02 0.07 0.53 0.65 0.69 0.40 0.03   -    -  REL
       0.55 0.00 0.00 0.00 0.00 0.00 0.00 0.00 0.00 0.00   -    -  MPROB
       0.26 0.00 0.01 0.05 0.10 0.24 0.29 0.31 0.18 0.03   -    -  S PRB
       25.0 12.9 12.7 14.2 20.0 11.9 13.8 16.6 25.0 25.0   -    -  SIG LW
       11.0  7.1  8.4  8.8  8.9  7.7  9.0  8.8 17.2 25.0   -    -  SIG UP
       26.8 16.6 15.9 16.6 21.8 14.8 16.5 19.0 26.8 26.8   -    -  SNR LW
       12.4 10.8 11.3 10.7 10.3  9.1 10.3 10.3 18.1 25.7   -    -  SNR UP
        0.0  0.0  0.0  0.0  0.0  0.0  0.0  0.0  0.0  0.0   -    -  TGAIN
        0.0  0.0  0.0  0.0  0.0  0.0  0.0  0.0  0.0  0.0   -    -  RGAIN
         53    3   16   39   39   59   61   61   42   10   -    -  SNRxx
     CCIR Coefficients         METHOD 30   VOACAP 12.0722A  PAGE   9
 
  Jun    1994          SSN = 100.                Minimum Angle= 0.100 degrees
  TANGIER, Morocco    BELGRADE              AZIMUTHS          N. MI.      KM
  35.80 N    5.90 W - 44.90 N   20.50 E     57.41  254.73    1317.9   2440.5
  XMTR  2-30 +  0.0 dBi[default\Isotrope     ] Az=  0.0 OFFaz= 57.4 500.000kW
  RCVR  2-30 +  0.0 dBi[default\Isotrope     ] Az=  0.0 OFFaz=254.7
  3 MHz NOISE = -145.0 dBW     REQ. REL = 90%    REQ. SNR = 73.0 dB
  MULTIPATH POWER TOLERANCE =  3.0 dB   MULTIPATH DELAY TOLERANCE =  0.100 ms
 
  17.0 20.7  6.1  7.2  9.7 11.9 13.7 15.4 17.7 21.6 25.9  0.0  0.0 FREQ
        1F2  2F2  2F2  1F2  1F2  1F2  1F2  1F2  1F2  1F2   -    -  MODE
       11.5 25.9 23.5 11.8  8.1  7.7  7.7  8.3 13.8 13.8   -    -  TANGLE
        8.8  9.5  9.3  8.8  8.6  8.5  8.5  8.6  8.9  8.9   -    -  DELAY
        386  343  308  392  304  293  293  307  444  444   -    -  V HITE
       0.50 1.00 1.00 1.00 0.99 0.98 0.93 0.80 0.36 0.03   -    -  MUFday
        145  161  155  143  141  141  140  141  152  183   -    -  LOSS
         47   20   27   41   45   47   47   48   39   10   -    -  DBU
        -86 -103  -97  -85  -84  -83  -83  -84  -95 -126   -    -  S DBW
       -168 -150 -151 -155 -158 -161 -163 -166 -169 -171   -    -  N DBW
         82   47   54   69   74   77   79   82   73   45   -    -  SNR
         18   40   33   17   12   10    8    9   26   54   -    -  RPWRG
       0.67 0.00 0.01 0.29 0.55 0.65 0.71 0.74 0.51 0.08   -    -  REL
       0.00 0.00 0.00 0.00 0.00 0.00 0.00 0.00 0.00 0.00   -    -  MPROB
       0.27 0.02 0.04 0.16 0.25 0.31 0.34 0.36 0.22 0.05   -    -  S PRB
       25.0  9.8 10.0 10.2 10.4 10.8 11.6 14.6 25.0 25.0   -    -  SIG LW
       10.9  6.4  6.4  6.5  6.5  7.9  6.5  6.9 15.0 25.0   -    -  SIG UP
       26.8 13.9 13.5 13.1 13.4 13.9 14.7 17.4 26.8 26.8   -    -  SNR LW
       12.3 11.0 10.2  9.0  8.4  9.2  8.2  8.8 16.1 25.7   -    -  SNR UP
        0.0  0.0  0.0  0.0  0.0  0.0  0.0  0.0  0.0  0.0   -    -  TGAIN
        0.0  0.0  0.0  0.0  0.0  0.0  0.0  0.0  0.0  0.0   -    -  RGAIN
         55   33   40   56   61   63   65   64   47   19   -    -  SNRxx
 
  18.0 21.6  6.1  7.2  9.7 11.9 13.7 15.4 17.7 21.6 25.9  0.0  0.0 FREQ
        1F2  2F2  2F2  1F2  1F2  1F2  1F2  1F2  1F2  1F2   -    -  MODE
       11.4 22.6 21.3  7.9  7.0  6.9  7.0  7.6 12.0 13.4   -    -  TANGLE
        8.7  9.2  9.1  8.6  8.5  8.5  8.5  8.5  8.8  8.9   -    -  DELAY
        382  295  279  298  276  274  278  291  397  433   -    -  V HITE
       0.50 1.00 1.00 1.00 1.00 0.98 0.95 0.85 0.49 0.06   -    -  MUFday
        145  150  147  138  138  138  138  139  146  173   -    -  LOSS
         48   32   36   46   48   49   50   50   48   20   -    -  DBU
        -86  -91  -89  -80  -80  -81  -81  -82  -86 -116   -    -  S DBW
       -169 -149 -151 -155 -159 -161 -163 -166 -169 -171   -    -  N DBW
         83   58   62   75   78   81   82   84   83   55   -    -  SNR
         17   29   25   12    8    7    6    6   17   45   -    -  RPWRG
       0.68 0.02 0.06 0.56 0.69 0.75 0.78 0.79 0.68 0.18   -    -  REL
       0.00 0.00 0.00 0.00 0.00 0.00 0.00 0.00 0.00 0.00   -    -  MPROB
       0.28 0.05 0.08 0.25 0.32 0.37 0.39 0.39 0.27 0.09   -    -  S PRB
       25.0 10.4 11.2 10.5 11.0 11.3 11.8 14.2 25.0 25.0   -    -  SIG LW
       11.0  6.3  6.3  6.3  6.5  6.7  6.3  6.6 11.3 25.0   -    -  SIG UP
       26.8 13.4 13.9 13.4 14.0 14.4 15.0 17.1 26.8 26.8   -    -  SNR LW
       12.5  9.7  9.2  8.3  8.1  8.2  8.1  8.6 12.7 25.7   -    -  SNR UP
        0.0  0.0  0.0  0.0  0.0  0.0  0.0  0.0  0.0  0.0   -    -  TGAIN
        0.0  0.0  0.0  0.0  0.0  0.0  0.0  0.0  0.0  0.0   -    -  RGAIN
         56   44   48   61   65   66   67   67   56   28   -    -  SNRxx
     CCIR Coefficients         METHOD 30   VOACAP 12.0722A  PAGE  10
 
  Jun    1994          SSN = 100.                Minimum Angle= 0.100 degrees
  TANGIER, Morocco    BELGRADE              AZIMUTHS          N. MI.      KM
  35.80 N    5.90 W - 44.90 N   20.50 E     57.41  254.73    1317.9   2440.5
  XMTR  2-30 +  0.0 dBi[default\Isotrope     ] Az=  0.0 OFFaz= 57.4 500.000kW
  RCVR  2-30 +  0.0 dBi[default\Isotrope     ] Az=  0.0 OFFaz=254.7
  3 MHz NOISE = -145.0 dBW     REQ. REL = 90%    REQ. SNR = 73.0 dB
  MULTIPATH POWER TOLERANCE =  3.0 dB   MULTIPATH DELAY TOLERANCE =  0.100 ms
 
  19.0 21.8  6.1  7.2  9.7 11.9 13.7 15.4 17.7 21.6 25.9  0.0  0.0 FREQ
        1F2  1F2  1F2  1F2  1F2  1F2  1F2  1F2  1F2  1F2   -    -  MODE
       11.6 10.7  7.9  6.6  6.5  6.6  6.9  7.5 10.8 13.2   -    -  TANGLE
        8.8  8.7  8.6  8.5  8.5  8.5  8.5  8.5  8.7  8.9   -    -  DELAY
        388  366  298  268  265  268  274  289  368  429   -    -  V HITE
       0.50 1.00 1.00 1.00 1.00 0.98 0.96 0.86 0.52 0.08   -    -  MUFday
        145  138  136  135  136  136  137  138  143  170   -    -  LOSS
         49   43   47   50   51   51   51   51   49   23   -    -  DBU
        -85  -79  -78  -77  -78  -79  -80  -81  -85 -113   -    -  S DBW
       -169 -149 -151 -156 -159 -162 -164 -166 -169 -171   -    -  N DBW
         84   69   74   79   82   83   84   85   84   58   -    -  SNR
         16   17   13    8    6    5    4    5   16   42   -    -  RPWRG
       0.69 0.30 0.52 0.70 0.77 0.81 0.82 0.81 0.70 0.23   -    -  REL
       0.00 0.00 0.00 0.00 0.00 0.00 0.00 0.00 0.00 0.00   -    -  MPROB
       0.29 0.17 0.24 0.33 0.38 0.41 0.42 0.41 0.30 0.11   -    -  S PRB
       25.0 10.9 10.9 11.1 11.6 11.9 12.3 14.7 25.0 25.0   -    -  SIG LW
       11.1  6.5  6.1  6.2  6.2  6.5  6.2  6.5 10.8 25.0   -    -  SIG UP
       26.8 13.5 13.6 14.0 14.6 15.0 15.5 17.5 26.8 26.8   -    -  SNR LW
       12.5  8.8  8.2  7.8  7.8  8.1  8.2  8.6 12.3 25.7   -    -  SNR UP
        0.0  0.0  0.0  0.0  0.0  0.0  0.0  0.0  0.0  0.0   -    -  TGAIN
        0.0  0.0  0.0  0.0  0.0  0.0  0.0  0.0  0.0  0.0   -    -  RGAIN
         57   56   60   65   67   68   69   68   57   31   -    -  SNRxx
 
  20.0 21.3  6.1  7.2  9.7 11.9 13.7 15.4 17.7 21.6 25.9  0.0  0.0 FREQ
        1F2  1F2  1F2  1F2  1F2  1F2  1F2  1F2  1F2  1F2   -    -  MODE
       11.9  7.2  6.7  6.5  6.6  6.9  7.2  7.9 13.4 13.4   -    -  TANGLE
        8.8  8.5  8.5  8.5  8.5  8.5  8.5  8.6  8.9  8.9   -    -  DELAY
        395  281  271  265  268  274  281  299  433  433   -    -  V HITE
       0.50 1.00 1.00 1.00 0.99 0.98 0.95 0.83 0.45 0.05   -    -  MUFday
        144  132  132  133  134  135  136  137  148  175   -    -  LOSS
         49   49   50   51   52   52   52   52   43   18   -    -  DBU
        -85  -74  -74  -75  -77  -78  -79  -80  -91 -118   -    -  S DBW
       -168 -149 -151 -156 -160 -162 -164 -166 -169 -171   -    -  N DBW
         84   75   77   81   83   84   85   86   78   53   -    -  SNR
         16   12   10    6    5    4    4    6   22   47   -    -  RPWRG
       0.70 0.56 0.65 0.76 0.81 0.83 0.83 0.81 0.59 0.16   -    -  REL
       0.00 0.00 0.00 0.00 0.00 0.00 0.00 0.00 0.00 0.00   -    -  MPROB
       0.30 0.27 0.31 0.37 0.41 0.43 0.44 0.42 0.26 0.09   -    -  S PRB
       25.0 10.8 10.8 11.1 11.6 11.9 12.6 15.4 25.0 25.0   -    -  SIG LW
       11.0  6.3  6.1  6.2  6.2  6.6  6.2  6.6 13.1 25.0   -    -  SIG UP
       26.8 13.4 13.6 14.1 14.7 15.1 15.8 18.2 26.8 26.8   -    -  SNR LW
       12.5  7.9  7.6  7.5  7.8  8.3  8.3  8.8 14.4 25.7   -    -  SNR UP
        0.0  0.0  0.0  0.0  0.0  0.0  0.0  0.0  0.0  0.0   -    -  TGAIN
        0.0  0.0  0.0  0.0  0.0  0.0  0.0  0.0  0.0  0.0   -    -  RGAIN
         57   61   63   67   68   69   69   67   51   26   -    -  SNRxx
     CCIR Coefficients         METHOD 30   VOACAP 12.0722A  PAGE  11
 
  Jun    1994          SSN = 100.                Minimum Angle= 0.100 degrees
  TANGIER, Morocco    BELGRADE              AZIMUTHS          N. MI.      KM
  35.80 N    5.90 W - 44.90 N   20.50 E     57.41  254.73    1317.9   2440.5
  XMTR  2-30 +  0.0 dBi[default\Isotrope     ] Az=  0.0 OFFaz= 57.4 500.000kW
  RCVR  2-30 +  0.0 dBi[default\Isotrope     ] Az=  0.0 OFFaz=254.7
  3 MHz NOISE = -145.0 dBW     REQ. REL = 90%    REQ. SNR = 73.0 dB
  MULTIPATH POWER TOLERANCE =  3.0 dB   MULTIPATH DELAY TOLERANCE =  0.100 ms
 
  21.0 20.3  6.1  7.2  9.7 11.9 13.7 15.4 17.7 21.6 25.9  0.0  0.0 FREQ
        1F2  1F2  1F2  1F2  1F2  1F2  1F2  1F2  1F2  1F2   -    -  MODE
       13.7  6.8  6.7  6.8  7.0  7.3  7.8  8.7 13.7 13.7   -    -  TANGLE
        8.9  8.5  8.5  8.5  8.5  8.5  8.5  8.6  8.9  8.9   -    -  DELAY
        440  273  271  271  277  285  295  318  440  440   -    -  V HITE
       0.50 1.00 1.00 1.00 0.99 0.97 0.92 0.77 0.31 0.02   -    -  MUFday
        146  132  132  133  134  135  136  138  152  185   -    -  LOSS
         44   49   50   52   52   52   52   51   39    7   -    -  DBU
        -89  -74  -74  -75  -77  -78  -79  -81  -95 -128   -    -  S DBW
       -168 -149 -152 -157 -160 -162 -164 -166 -169 -171   -    -  N DBW
         79   75   77   81   84   84   85   85   74   43   -    -  SNR
         21   12   10    6    5    4    4    7   26   57   -    -  RPWRG
       0.61 0.57 0.65 0.77 0.81 0.83 0.83 0.79 0.52 0.06   -    -  REL
       0.00 0.00 0.00 0.00 0.00 0.00 0.00 0.00 0.00 0.00   -    -  MPROB
       0.28 0.27 0.31 0.38 0.42 0.43 0.43 0.40 0.23 0.05   -    -  S PRB
       25.0 11.1 11.1 11.5 12.0 12.2 13.6 17.3 25.0 25.0   -    -  SIG LW
       11.9  6.0  6.0  6.0  6.2  6.0  6.2  6.8 15.8 25.0   -    -  SIG UP
       26.8 13.6 13.8 14.5 15.1 15.5 16.6 19.8 26.8 26.8   -    -  SNR LW
       13.3  7.4  7.3  7.4  7.8  8.0  8.3  9.0 16.9 25.7   -    -  SNR UP
        0.0  0.0  0.0  0.0  0.0  0.0  0.0  0.0  0.0  0.0   -    -  TGAIN
        0.0  0.0  0.0  0.0  0.0  0.0  0.0  0.0  0.0  0.0   -    -  RGAIN
         52   61   63   67   68   69   69   66   47   16   -    -  SNRxx
 
  22.0 19.3  6.1  7.2  9.7 11.9 13.7 15.4 17.7 21.6 25.9  0.0  0.0 FREQ
        1F2  1F2  1F2  1F2  1F2  1F2  1F2  1F2  1F2  1F2   -    -  MODE
       14.0  7.0  6.9  7.1  7.4  7.8  8.3  9.6 14.0 14.0   -    -  TANGLE
        8.9  8.5  8.5  8.5  8.5  8.5  8.6  8.6  8.9  8.9   -    -  DELAY
        448  276  276  279  286  296  308  339  448  448   -    -  V HITE
       0.50 1.00 1.00 1.00 0.99 0.96 0.89 0.69 0.18 0.01   -    -  MUFday
        145  132  132  133  134  135  136  138  157  198   -    -  LOSS
         45   49   50   52   52   52   52   51   34   -6   -    -  DBU
        -88  -74  -74  -75  -77  -78  -79  -81 -100 -141   -    -  S DBW
       -167 -149 -152 -157 -160 -163 -164 -166 -169 -171   -    -  N DBW
         79   75   78   82   84   85   85   85   68   29   -    -  SNR
         21   12   10    6    5    4    5   10   32   70   -    -  RPWRG
       0.61 0.57 0.66 0.77 0.81 0.82 0.82 0.75 0.38 0.01   -    -  REL
       0.00 0.00 0.00 0.00 0.00 0.00 0.00 0.00 0.00 0.00   -    -  MPROB
       0.28 0.27 0.31 0.38 0.42 0.43 0.42 0.37 0.18 0.02   -    -  S PRB
       25.0 11.3 11.4 11.8 12.3 12.9 14.7 20.2 25.0 25.0   -    -  SIG LW
       11.7  5.8  5.8  5.9  6.1  5.9  6.2  7.6 19.5 25.0   -    -  SIG UP
       26.8 13.8 14.1 14.8 15.4 16.0 17.6 22.4 26.8 26.8   -    -  SNR LW
       13.1  7.4  7.2  7.4  7.9  8.1  8.4  9.6 20.3 25.7   -    -  SNR UP
        0.0  0.0  0.0  0.0  0.0  0.0  0.0  0.0  0.0  0.0   -    -  TGAIN
        0.0  0.0  0.0  0.0  0.0  0.0  0.0  0.0  0.0  0.0   -    -  RGAIN
         52   61   63   67   68   69   68   63   41    3   -    -  SNRxx
     CCIR Coefficients         METHOD 30   VOACAP 12.0722A  PAGE  12
 
  Jun    1994          SSN = 100.                Minimum Angle= 0.100 degrees
  TANGIER, Morocco    BELGRADE              AZIMUTHS          N. MI.      KM
  35.80 N    5.90 W - 44.90 N   20.50 E     57.41  254.73    1317.9   2440.5
  XMTR  2-30 +  0.0 dBi[default\Isotrope     ] Az=  0.0 OFFaz= 57.4 500.000kW
  RCVR  2-30 +  0.0 dBi[default\Isotrope     ] Az=  0.0 OFFaz=254.7
  3 MHz NOISE = -145.0 dBW     REQ. REL = 90%    REQ. SNR = 73.0 dB
  MULTIPATH POWER TOLERANCE =  3.0 dB   MULTIPATH DELAY TOLERANCE =  0.100 ms
 
  23.0 18.4  6.1  7.2  9.7 11.9 13.7 15.4 17.7 21.6 25.9  0.0  0.0 FREQ
        1F2  1F2  1F2  1F2  1F2  1F2  1F2  1F2  1F2  1F2   -    -  MODE
       14.2  7.2  7.2  7.4  7.8  8.2  8.9 10.8 14.2 14.2   -    -  TANGLE
        8.9  8.5  8.5  8.5  8.5  8.6  8.6  8.7  8.9  8.9   -    -  DELAY
        455  281  281  286  295  306  322  369  455  455   -    -  V HITE
       0.50 1.00 1.00 1.00 0.98 0.93 0.83 0.59 0.09 0.00   -    -  MUFday
        145  132  132  133  134  135  136  140  165  213   -    -  LOSS
         45   49   50   52   52   52   52   50   26  -21   -    -  DBU
        -88  -74  -74  -75  -77  -78  -79  -82 -108 -156   -    -  S DBW
       -167 -149 -152 -157 -161 -163 -164 -166 -169 -171   -    -  N DBW
         79   75   78   82   84   85   85   84   61   15   -    -  SNR
         21   12    9    6    5    5    6   16   39   85   -    -  RPWRG
       0.61 0.58 0.66 0.78 0.81 0.82 0.80 0.70 0.27 0.00   -    -  REL
       0.00 0.00 0.00 0.00 0.00 0.00 0.00 0.00 0.00 0.00   -    -  MPROB
       0.28 0.27 0.32 0.39 0.42 0.42 0.41 0.32 0.13 0.01   -    -  S PRB
       25.0 11.2 11.3 11.8 12.3 13.5 15.8 24.9 25.0 25.0   -    -  SIG LW
       11.6  5.8  5.8  5.9  6.2  6.0  6.3  9.0 24.1 25.0   -    -  SIG UP
       26.8 13.8 14.0 14.9 15.5 16.5 18.5 26.7 26.8 26.8   -    -  SNR LW
       13.0  7.5  7.3  7.5  8.1  8.2  8.6 10.8 24.9 25.7   -    -  SNR UP
        0.0  0.0  0.0  0.0  0.0  0.0  0.0  0.0  0.0  0.0   -    -  TGAIN
        0.0  0.0  0.0  0.0  0.0  0.0  0.0  0.0  0.0  0.0   -    -  RGAIN
         52   61   64   67   68   68   67   57   34  -12   -    -  SNRxx
 
  24.0 17.4  6.1  7.2  9.7 11.9 13.7 15.4 17.7 21.6 25.9  0.0  0.0 FREQ
        1F2  1F2  1F2  1F2  1F2  1F2  1F2  1F2  1F2  1F2   -    -  MODE
       14.4  7.6  7.6  7.9  8.3  8.9  9.7 14.4 14.4 14.4   -    -  TANGLE
        9.0  8.5  8.5  8.5  8.6  8.6  8.7  9.0  9.0  9.0   -    -  DELAY
        459  290  291  297  307  322  342  459  459  459   -    -  V HITE
       0.50 1.00 1.00 0.99 0.97 0.89 0.76 0.45 0.03 0.00   -    -  MUFday
        144  131  132  133  134  135  136  145  175  232   -    -  LOSS
         45   49   51   52   52   52   51   44   15  -39   -    -  DBU
        -87  -73  -74  -75  -77  -78  -79  -88 -118 -175   -    -  S DBW
       -166 -149 -152 -157 -161 -163 -164 -166 -169 -171   -    -  N DBW
         79   75   78   82   84   85   85   78   50   -4   -    -  SNR
         21   11    9    6    5    5    8   22   50  104   -    -  RPWRG
       0.61 0.59 0.68 0.79 0.82 0.81 0.78 0.59 0.13 0.00   -    -  REL
       0.00 0.00 0.00 0.00 0.00 0.00 0.00 0.00 0.00 0.00   -    -  MPROB
       0.28 0.28 0.32 0.39 0.42 0.42 0.39 0.27 0.08 0.00   -    -  S PRB
       25.0 11.0 11.2 11.8 12.3 14.3 17.7 25.0 25.0 25.0   -    -  SIG LW
       11.3  5.6  5.6  5.7  5.7  5.9  6.6 12.2 25.0 25.0   -    -  SIG UP
       26.8 13.6 13.9 14.8 15.5 17.2 20.1 26.8 26.8 26.8   -    -  SNR LW
       12.8  7.4  7.2  7.4  7.8  8.2  8.8 13.5 25.7 25.7   -    -  SNR UP
        0.0  0.0  0.0  0.0  0.0  0.0  0.0  0.0  0.0  0.0   -    -  TGAIN
        0.0  0.0  0.0  0.0  0.0  0.0  0.0  0.0  0.0  0.0   -    -  RGAIN
         52   62   64   67   68   68   65   51   23  -31   -    -  SNRxx
 *****END OF RUN*****     VOACAP 12.0722A
